2025-04-29 04:04:23,266 - INFO - new_datas:
video_path == /home/computron/mnt/webserver/typicallyoutliers/frontend/public/repository/videos/Carl Sagan - THE sentence !.flv
video_id == carl-sagan-the-sentence
info_path == /var/www/typicallyoutliers/frontend/public/repository/text_dir/carl-sagan-the-sentence/info.json
filename == Carl Sagan - THE sentence !
ext == .flv
audio_path == /var/www/typicallyoutliers/frontend/public/repository/text_dir/carl-sagan-the-sentence/audio.wav
thumbnails_directory == /var/www/typicallyoutliers/frontend/public/repository/text_dir/carl-sagan-the-sentence/thumbnails
uploader == The Daily Dialectics
domain == https://typicallyoutliers.com
videos_url == https://typicallyoutliers.com/videos
canonical_url == None
remove_phrases == ['Video Converter', 'eeso', 'Auseesott', 'Aeseesott', 'esoft']
categories == {}
whisper_result == {'text': " The cosmos is also within us. We're made of star stuff. We are away and the cosmos to know itself.", 'segments': [{'id': 0, 'seek': 0, 'start': 0.0, 'end': 8.0, 'text': " The cosmos is also within us. We're made of star stuff. We are away and the cosmos to know itself.", 'tokens': [50364, 440, 41794, 307, 611, 1951, 505, 13, 492, 434, 1027, 295, 3543, 1507, 13, 492, 366, 1314, 293, 264, 41794, 281, 458, 2564, 13, 50764], 'temperature': 0.0, 'avg_logprob': -0.3739013671875, 'compression_ratio': 1.1529411764705881, 'no_speech_prob': 0.06230778247117996}], 'language': 'english'}
video_text == []
keywords == ['cosmos', 'star', 'stuff']
combined_keywords == ['cosmos', 'stuff', 'star']
keyword_density == {'cosmos': 10.0, 'stuff': 0.0, 'star': 5.0}
summary == None
info_dir == /var/www/typicallyoutliers/frontend/public/repository/text_dir/carl-sagan-the-sentence
model_size == tiny
language == english
use_silence == True
info_data == None

2025-04-29 04:04:23,267 - INFO - whisper_result == False
2025-04-29 04:04:23,598 - INFO - new_datas:
video_path == /home/computron/mnt/webserver/typicallyoutliers/frontend/public/repository/videos/Carl Sagan - THE sentence !.flv
video_id == carl-sagan-the-sentence
info_path == /var/www/typicallyoutliers/frontend/public/repository/text_dir/carl-sagan-the-sentence/info.json
filename == Carl Sagan - THE sentence !
ext == .flv
audio_path == /var/www/typicallyoutliers/frontend/public/repository/text_dir/carl-sagan-the-sentence/audio.wav
thumbnails_directory == /var/www/typicallyoutliers/frontend/public/repository/text_dir/carl-sagan-the-sentence/thumbnails
uploader == The Daily Dialectics
domain == https://typicallyoutliers.com
videos_url == https://typicallyoutliers.com/videos
canonical_url == None
remove_phrases == ['Video Converter', 'eeso', 'Auseesott', 'Aeseesott', 'esoft']
categories == {}
whisper_result == {'text': " The cosmos is also within us. We're made of star stuff. We are away and the cosmos to know itself.", 'segments': [{'id': 0, 'seek': 0, 'start': 0.0, 'end': 8.0, 'text': " The cosmos is also within us. We're made of star stuff. We are away and the cosmos to know itself.", 'tokens': [50364, 440, 41794, 307, 611, 1951, 505, 13, 492, 434, 1027, 295, 3543, 1507, 13, 492, 366, 1314, 293, 264, 41794, 281, 458, 2564, 13, 50764], 'temperature': 0.0, 'avg_logprob': -0.3739013671875, 'compression_ratio': 1.1529411764705881, 'no_speech_prob': 0.06230778247117996}], 'language': 'english'}
video_text == []
keywords == ['cosmos', 'star', 'stuff']
combined_keywords == ['cosmos', 'stuff', 'star']
keyword_density == {'cosmos': 10.0, 'stuff': 0.0, 'star': 5.0}
summary == None
info_dir == /var/www/typicallyoutliers/frontend/public/repository/text_dir/carl-sagan-the-sentence
info_data == None

2025-04-29 04:04:23,600 - INFO - video_text == False
2025-04-29 04:04:23,602 - INFO - new_datas:
video_path == /home/computron/mnt/webserver/typicallyoutliers/frontend/public/repository/videos/Carl Sagan - THE sentence !.flv
video_id == carl-sagan-the-sentence
info_path == /var/www/typicallyoutliers/frontend/public/repository/text_dir/carl-sagan-the-sentence/info.json
filename == Carl Sagan - THE sentence !
ext == .flv
audio_path == /var/www/typicallyoutliers/frontend/public/repository/text_dir/carl-sagan-the-sentence/audio.wav
thumbnails_directory == /var/www/typicallyoutliers/frontend/public/repository/text_dir/carl-sagan-the-sentence/thumbnails
uploader == The Daily Dialectics
domain == https://typicallyoutliers.com
videos_url == https://typicallyoutliers.com/videos
canonical_url == None
remove_phrases == ['Video Converter', 'eeso', 'Auseesott', 'Aeseesott', 'esoft']
categories == {}
whisper_result == {'text': " The cosmos is also within us. We're made of star stuff. We are away and the cosmos to know itself.", 'segments': [{'id': 0, 'seek': 0, 'start': 0.0, 'end': 8.0, 'text': " The cosmos is also within us. We're made of star stuff. We are away and the cosmos to know itself.", 'tokens': [50364, 440, 41794, 307, 611, 1951, 505, 13, 492, 434, 1027, 295, 3543, 1507, 13, 492, 366, 1314, 293, 264, 41794, 281, 458, 2564, 13, 50764], 'temperature': 0.0, 'avg_logprob': -0.3739013671875, 'compression_ratio': 1.1529411764705881, 'no_speech_prob': 0.06230778247117996}], 'language': 'english'}
video_text == []
keywords == ['cosmos', 'star', 'stuff']
combined_keywords == ['cosmos', 'stuff', 'star']
keyword_density == {'cosmos': 10.0, 'stuff': 0.0, 'star': 5.0}
summary == None
info_dir == /var/www/typicallyoutliers/frontend/public/repository/text_dir/carl-sagan-the-sentence
full_text ==  The cosmos is also within us. We're made of star stuff. We are away and the cosmos to know itself.
info_data == None

2025-04-29 04:04:23,603 - INFO - combined_keywords == False
2025-04-29 04:04:23,606 - INFO - new_datas:
video_path == /home/computron/mnt/webserver/typicallyoutliers/frontend/public/repository/videos/Carl Sagan - THE sentence !.flv
video_id == carl-sagan-the-sentence
info_path == /var/www/typicallyoutliers/frontend/public/repository/text_dir/carl-sagan-the-sentence/info.json
filename == Carl Sagan - THE sentence !
ext == .flv
audio_path == /var/www/typicallyoutliers/frontend/public/repository/text_dir/carl-sagan-the-sentence/audio.wav
thumbnails_directory == /var/www/typicallyoutliers/frontend/public/repository/text_dir/carl-sagan-the-sentence/thumbnails
uploader == The Daily Dialectics
domain == https://typicallyoutliers.com
videos_url == https://typicallyoutliers.com/videos
canonical_url == None
remove_phrases == ['Video Converter', 'eeso', 'Auseesott', 'Aeseesott', 'esoft']
categories == {}
whisper_result == {'text': " The cosmos is also within us. We're made of star stuff. We are away and the cosmos to know itself.", 'segments': [{'id': 0, 'seek': 0, 'start': 0.0, 'end': 8.0, 'text': " The cosmos is also within us. We're made of star stuff. We are away and the cosmos to know itself.", 'tokens': [50364, 440, 41794, 307, 611, 1951, 505, 13, 492, 434, 1027, 295, 3543, 1507, 13, 492, 366, 1314, 293, 264, 41794, 281, 458, 2564, 13, 50764], 'temperature': 0.0, 'avg_logprob': -0.3739013671875, 'compression_ratio': 1.1529411764705881, 'no_speech_prob': 0.06230778247117996}], 'language': 'english'}
video_text == []
keywords == ['cosmos', 'star', 'stuff']
combined_keywords == ['cosmos', 'stuff', 'star']
keyword_density == {'cosmos': 10.0, 'stuff': 0.0, 'star': 5.0}
summary == None
info_dir == /var/www/typicallyoutliers/frontend/public/repository/text_dir/carl-sagan-the-sentence
full_text == None
info_data == None

2025-04-29 04:04:23,607 - INFO - summary == True
2025-04-29 04:04:23,616 - INFO - new_datas:
video_path == /home/computron/mnt/webserver/typicallyoutliers/frontend/public/repository/videos/Carl Sagan - THE sentence !.flv
video_id == carl-sagan-the-sentence
info_path == /var/www/typicallyoutliers/frontend/public/repository/text_dir/carl-sagan-the-sentence/info.json
filename == Carl Sagan - THE sentence !
ext == .flv
audio_path == /var/www/typicallyoutliers/frontend/public/repository/text_dir/carl-sagan-the-sentence/audio.wav
thumbnails_directory == /var/www/typicallyoutliers/frontend/public/repository/text_dir/carl-sagan-the-sentence/thumbnails
uploader == The Daily Dialectics
domain == https://typicallyoutliers.com
videos_url == https://typicallyoutliers.com/videos
canonical_url == None
remove_phrases == ['Video Converter', 'eeso', 'Auseesott', 'Aeseesott', 'esoft']
categories == {}
whisper_result == {'text': " The cosmos is also within us. We're made of star stuff. We are away and the cosmos to know itself.", 'segments': [{'id': 0, 'seek': 0, 'start': 0.0, 'end': 8.0, 'text': " The cosmos is also within us. We're made of star stuff. We are away and the cosmos to know itself.", 'tokens': [50364, 440, 41794, 307, 611, 1951, 505, 13, 492, 434, 1027, 295, 3543, 1507, 13, 492, 366, 1314, 293, 264, 41794, 281, 458, 2564, 13, 50764], 'temperature': 0.0, 'avg_logprob': -0.3739013671875, 'compression_ratio': 1.1529411764705881, 'no_speech_prob': 0.06230778247117996}], 'language': 'english'}
video_text == []
keywords == ['cosmos', 'star', 'stuff']
combined_keywords == ['cosmos', 'stuff', 'star']
keyword_density == {'cosmos': 10.0, 'stuff': 0.0, 'star': 5.0}
summary == None
info_dir == /var/www/typicallyoutliers/frontend/public/repository/text_dir/carl-sagan-the-sentence

2025-04-29 04:04:23,618 - INFO - new_datas:
video_path == /home/computron/mnt/webserver/typicallyoutliers/frontend/public/repository/videos/Carl Sagan - THE sentence !.flv
video_id == carl-sagan-the-sentence
info_path == /var/www/typicallyoutliers/frontend/public/repository/text_dir/carl-sagan-the-sentence/info.json
filename == Carl Sagan - THE sentence !
ext == .flv
audio_path == /var/www/typicallyoutliers/frontend/public/repository/text_dir/carl-sagan-the-sentence/audio.wav
thumbnails_directory == /var/www/typicallyoutliers/frontend/public/repository/text_dir/carl-sagan-the-sentence/thumbnails
uploader == The Daily Dialectics
domain == https://typicallyoutliers.com
videos_url == https://typicallyoutliers.com/videos
canonical_url == None
remove_phrases == ['Video Converter', 'eeso', 'Auseesott', 'Aeseesott', 'esoft']
categories == {}
whisper_result == {'text': " The cosmos is also within us. We're made of star stuff. We are away and the cosmos to know itself.", 'segments': [{'id': 0, 'seek': 0, 'start': 0.0, 'end': 8.0, 'text': " The cosmos is also within us. We're made of star stuff. We are away and the cosmos to know itself.", 'tokens': [50364, 440, 41794, 307, 611, 1951, 505, 13, 492, 434, 1027, 295, 3543, 1507, 13, 492, 366, 1314, 293, 264, 41794, 281, 458, 2564, 13, 50764], 'temperature': 0.0, 'avg_logprob': -0.3739013671875, 'compression_ratio': 1.1529411764705881, 'no_speech_prob': 0.06230778247117996}], 'language': 'english'}
video_text == []
keywords == ['cosmos', 'star', 'stuff']
combined_keywords == ['cosmos', 'stuff', 'star']
keyword_density == {'cosmos': 10.0, 'stuff': 0.0, 'star': 5.0}
summary == None
info_dir == /var/www/typicallyoutliers/frontend/public/repository/text_dir/carl-sagan-the-sentence
repository_dir == /var/www/typicallyoutliers/frontend/public/repository
directory_links == {'/var/www/typicallyoutliers/frontend/public/repository/text_dir': 'infos', '/var/www/typicallyoutliers/frontend/public/repository/videos': 'videos', '/var/www/typicallyoutliers/frontend/public/repository': 'repository', '/var/www/typicallyoutliers/frontend/public/imgs': 'imgs'}
videos_dir == /var/www/typicallyoutliers/frontend/public/repository/videos
infos_dir == /var/www/typicallyoutliers/frontend/public/imgs
base_url == https://typicallyoutliers.com
generator == <transformers.pipelines.text_generation.TextGenerationPipeline object at 0x73d168f79ac0>
LEDTokenizer == <class 'transformers.models.led.tokenization_led.LEDTokenizer'>
LEDForConditionalGeneration == <class 'transformers.models.led.modeling_led.LEDForConditionalGeneration'>
info_data == None

2025-04-29 04:04:23,619 - INFO - seo_description == True
2025-04-29 04:04:23,621 - INFO - export_srt_whisper: /var/www/typicallyoutliers/frontend/public/repository/text_dir/carl-sagan-the-sentence/captions.srt
2025-04-29 04:04:41,042 - INFO - new_datas:
video_path == /home/computron/mnt/webserver/typicallyoutliers/frontend/public/repository/videos/Carl Sagan - THE sentence !.flv
video_id == carl-sagan-the-sentence
info_dir == /var/www/typicallyoutliers/frontend/public/repository/text_dir/carl-sagan-the-sentence
info_path == /var/www/typicallyoutliers/frontend/public/repository/text_dir/carl-sagan-the-sentence/info.json
basename == Carl Sagan - THE sentence !.flv
filename == Carl Sagan - THE sentence !
ext == .flv
title == Carl Sagan - THE sentence !
parent_directory == /var/www/typicallyoutliers/frontend/public/repository/text_dir
audio_path == /var/www/typicallyoutliers/frontend/public/repository/text_dir/carl-sagan-the-sentence/audio.wav
thumbnails_directory == /var/www/typicallyoutliers/frontend/public/repository/text_dir/carl-sagan-the-sentence/thumbnails
uploader == The Daily Dialectics
domain == https://typicallyoutliers.com
videos_url == https://typicallyoutliers.com/videos
canonical_url == None
remove_phrases == ['Video Converter', 'eeso', 'Auseesott', 'Aeseesott', 'esoft']
categories == {}
repository_dir == /var/www/typicallyoutliers/frontend/public/repository
directory_links == {'/var/www/typicallyoutliers/frontend/public/repository/text_dir': 'infos', '/var/www/typicallyoutliers/frontend/public/repository/videos': 'videos', '/var/www/typicallyoutliers/frontend/public/repository': 'repository', '/var/www/typicallyoutliers/frontend/public/imgs': 'imgs'}
videos_dir == /var/www/typicallyoutliers/frontend/public/repository/videos
infos_dir == /var/www/typicallyoutliers/frontend/public/imgs
base_url == https://typicallyoutliers.com
model_size == tiny
language == english

2025-04-29 04:04:41,043 - INFO - new_datas:
video_path == /home/computron/mnt/webserver/typicallyoutliers/frontend/public/repository/videos/Carl Sagan - THE sentence !.flv
video_id == carl-sagan-the-sentence
info_path == /var/www/typicallyoutliers/frontend/public/repository/text_dir/carl-sagan-the-sentence/info.json
filename == Carl Sagan - THE sentence !
ext == .flv
audio_path == /var/www/typicallyoutliers/frontend/public/repository/text_dir/carl-sagan-the-sentence/audio.wav
thumbnails_directory == /var/www/typicallyoutliers/frontend/public/repository/text_dir/carl-sagan-the-sentence/thumbnails
uploader == The Daily Dialectics
domain == https://typicallyoutliers.com
videos_url == https://typicallyoutliers.com/videos
canonical_url == None
remove_phrases == ['Video Converter', 'eeso', 'Auseesott', 'Aeseesott', 'esoft']
categories == {}
whisper_result == {'text': " The cosmos is also within us. We're made of star stuff. We are away and the cosmos to know itself.", 'segments': [{'id': 0, 'seek': 0, 'start': 0.0, 'end': 8.0, 'text': " The cosmos is also within us. We're made of star stuff. We are away and the cosmos to know itself.", 'tokens': [50364, 440, 41794, 307, 611, 1951, 505, 13, 492, 434, 1027, 295, 3543, 1507, 13, 492, 366, 1314, 293, 264, 41794, 281, 458, 2564, 13, 50764], 'temperature': 0.0, 'avg_logprob': -0.3739013671875, 'compression_ratio': 1.1529411764705881, 'no_speech_prob': 0.06230778247117996}], 'language': 'english'}
video_text == []
keywords == ['cosmos', 'star', 'stuff']
combined_keywords == ['cosmos', 'stuff', 'star']
keyword_density == {'cosmos': 10.0, 'stuff': 0.0, 'star': 5.0}
summary == None
info_dir == /var/www/typicallyoutliers/frontend/public/repository/text_dir/carl-sagan-the-sentence

2025-04-29 04:04:41,045 - INFO - new_datas:
video_path == /home/computron/mnt/webserver/typicallyoutliers/frontend/public/repository/videos/Carl Sagan - THE sentence !.flv
video_id == carl-sagan-the-sentence
info_path == /var/www/typicallyoutliers/frontend/public/repository/text_dir/carl-sagan-the-sentence/info.json
filename == Carl Sagan - THE sentence !
ext == .flv
audio_path == /var/www/typicallyoutliers/frontend/public/repository/text_dir/carl-sagan-the-sentence/audio.wav
thumbnails_directory == /var/www/typicallyoutliers/frontend/public/repository/text_dir/carl-sagan-the-sentence/thumbnails
uploader == The Daily Dialectics
domain == https://typicallyoutliers.com
videos_url == https://typicallyoutliers.com/videos
canonical_url == None
remove_phrases == ['Video Converter', 'eeso', 'Auseesott', 'Aeseesott', 'esoft']
categories == {}
whisper_result == {'text': " The cosmos is also within us. We're made of star stuff. We are away and the cosmos to know itself.", 'segments': [{'id': 0, 'seek': 0, 'start': 0.0, 'end': 8.0, 'text': " The cosmos is also within us. We're made of star stuff. We are away and the cosmos to know itself.", 'tokens': [50364, 440, 41794, 307, 611, 1951, 505, 13, 492, 434, 1027, 295, 3543, 1507, 13, 492, 366, 1314, 293, 264, 41794, 281, 458, 2564, 13, 50764], 'temperature': 0.0, 'avg_logprob': -0.3739013671875, 'compression_ratio': 1.1529411764705881, 'no_speech_prob': 0.06230778247117996}], 'language': 'english'}
video_text == []
keywords == ['cosmos', 'star', 'stuff']
combined_keywords == ['cosmos', 'stuff', 'star']
keyword_density == {'cosmos': 10.0, 'stuff': 0.0, 'star': 5.0}
summary == None
info_dir == /var/www/typicallyoutliers/frontend/public/repository/text_dir/carl-sagan-the-sentence

2025-04-29 04:04:41,047 - INFO - False == False
2025-04-29 04:04:41,048 - INFO - new_datas:
video_path == /home/computron/mnt/webserver/typicallyoutliers/frontend/public/repository/videos/Carl Sagan - THE sentence !.flv
video_id == carl-sagan-the-sentence
info_path == /var/www/typicallyoutliers/frontend/public/repository/text_dir/carl-sagan-the-sentence/info.json
filename == Carl Sagan - THE sentence !
ext == .flv
audio_path == /var/www/typicallyoutliers/frontend/public/repository/text_dir/carl-sagan-the-sentence/audio.wav
thumbnails_directory == /var/www/typicallyoutliers/frontend/public/repository/text_dir/carl-sagan-the-sentence/thumbnails
uploader == The Daily Dialectics
domain == https://typicallyoutliers.com
videos_url == https://typicallyoutliers.com/videos
canonical_url == None
remove_phrases == ['Video Converter', 'eeso', 'Auseesott', 'Aeseesott', 'esoft']
categories == {}
whisper_result == {'text': " The cosmos is also within us. We're made of star stuff. We are away and the cosmos to know itself.", 'segments': [{'id': 0, 'seek': 0, 'start': 0.0, 'end': 8.0, 'text': " The cosmos is also within us. We're made of star stuff. We are away and the cosmos to know itself.", 'tokens': [50364, 440, 41794, 307, 611, 1951, 505, 13, 492, 434, 1027, 295, 3543, 1507, 13, 492, 366, 1314, 293, 264, 41794, 281, 458, 2564, 13, 50764], 'temperature': 0.0, 'avg_logprob': -0.3739013671875, 'compression_ratio': 1.1529411764705881, 'no_speech_prob': 0.06230778247117996}], 'language': 'english'}
video_text == []
keywords == ['cosmos', 'star', 'stuff']
combined_keywords == ['cosmos', 'stuff', 'star']
keyword_density == {'cosmos': 10.0, 'stuff': 0.0, 'star': 5.0}
summary == None
info_dir == /var/www/typicallyoutliers/frontend/public/repository/text_dir/carl-sagan-the-sentence
model_size == tiny
language == english
use_silence == True
info_data == None

2025-04-29 04:04:41,049 - INFO - whisper_result == False
2025-04-29 04:04:41,061 - INFO - new_datas:
video_path == /home/computron/mnt/webserver/typicallyoutliers/frontend/public/repository/videos/Carl Sagan - THE sentence !.flv
video_id == carl-sagan-the-sentence
info_path == /var/www/typicallyoutliers/frontend/public/repository/text_dir/carl-sagan-the-sentence/info.json
filename == Carl Sagan - THE sentence !
ext == .flv
audio_path == /var/www/typicallyoutliers/frontend/public/repository/text_dir/carl-sagan-the-sentence/audio.wav
thumbnails_directory == /var/www/typicallyoutliers/frontend/public/repository/text_dir/carl-sagan-the-sentence/thumbnails
uploader == The Daily Dialectics
domain == https://typicallyoutliers.com
videos_url == https://typicallyoutliers.com/videos
canonical_url == None
remove_phrases == ['Video Converter', 'eeso', 'Auseesott', 'Aeseesott', 'esoft']
categories == {}
whisper_result == {'text': " The cosmos is also within us. We're made of star stuff. We are away and the cosmos to know itself.", 'segments': [{'id': 0, 'seek': 0, 'start': 0.0, 'end': 8.0, 'text': " The cosmos is also within us. We're made of star stuff. We are away and the cosmos to know itself.", 'tokens': [50364, 440, 41794, 307, 611, 1951, 505, 13, 492, 434, 1027, 295, 3543, 1507, 13, 492, 366, 1314, 293, 264, 41794, 281, 458, 2564, 13, 50764], 'temperature': 0.0, 'avg_logprob': -0.3739013671875, 'compression_ratio': 1.1529411764705881, 'no_speech_prob': 0.06230778247117996}], 'language': 'english'}
video_text == []
keywords == ['cosmos', 'star', 'stuff']
combined_keywords == ['cosmos', 'stuff', 'star']
keyword_density == {'cosmos': 10.0, 'stuff': 0.0, 'star': 5.0}
summary == None
info_dir == /var/www/typicallyoutliers/frontend/public/repository/text_dir/carl-sagan-the-sentence
info_data == None

2025-04-29 04:04:41,062 - INFO - video_text == False
2025-04-29 04:04:41,063 - INFO - new_datas:
video_path == /home/computron/mnt/webserver/typicallyoutliers/frontend/public/repository/videos/Carl Sagan - THE sentence !.flv
video_id == carl-sagan-the-sentence
info_path == /var/www/typicallyoutliers/frontend/public/repository/text_dir/carl-sagan-the-sentence/info.json
filename == Carl Sagan - THE sentence !
ext == .flv
audio_path == /var/www/typicallyoutliers/frontend/public/repository/text_dir/carl-sagan-the-sentence/audio.wav
thumbnails_directory == /var/www/typicallyoutliers/frontend/public/repository/text_dir/carl-sagan-the-sentence/thumbnails
uploader == The Daily Dialectics
domain == https://typicallyoutliers.com
videos_url == https://typicallyoutliers.com/videos
canonical_url == None
remove_phrases == ['Video Converter', 'eeso', 'Auseesott', 'Aeseesott', 'esoft']
categories == {}
whisper_result == {'text': " The cosmos is also within us. We're made of star stuff. We are away and the cosmos to know itself.", 'segments': [{'id': 0, 'seek': 0, 'start': 0.0, 'end': 8.0, 'text': " The cosmos is also within us. We're made of star stuff. We are away and the cosmos to know itself.", 'tokens': [50364, 440, 41794, 307, 611, 1951, 505, 13, 492, 434, 1027, 295, 3543, 1507, 13, 492, 366, 1314, 293, 264, 41794, 281, 458, 2564, 13, 50764], 'temperature': 0.0, 'avg_logprob': -0.3739013671875, 'compression_ratio': 1.1529411764705881, 'no_speech_prob': 0.06230778247117996}], 'language': 'english'}
video_text == []
keywords == ['cosmos', 'star', 'stuff']
combined_keywords == ['cosmos', 'stuff', 'star']
keyword_density == {'cosmos': 10.0, 'stuff': 0.0, 'star': 5.0}
summary == None
info_dir == /var/www/typicallyoutliers/frontend/public/repository/text_dir/carl-sagan-the-sentence
full_text ==  The cosmos is also within us. We're made of star stuff. We are away and the cosmos to know itself.
info_data == None

2025-04-29 04:04:41,065 - INFO - combined_keywords == False
2025-04-29 04:04:41,066 - INFO - new_datas:
video_path == /home/computron/mnt/webserver/typicallyoutliers/frontend/public/repository/videos/Carl Sagan - THE sentence !.flv
video_id == carl-sagan-the-sentence
info_path == /var/www/typicallyoutliers/frontend/public/repository/text_dir/carl-sagan-the-sentence/info.json
filename == Carl Sagan - THE sentence !
ext == .flv
audio_path == /var/www/typicallyoutliers/frontend/public/repository/text_dir/carl-sagan-the-sentence/audio.wav
thumbnails_directory == /var/www/typicallyoutliers/frontend/public/repository/text_dir/carl-sagan-the-sentence/thumbnails
uploader == The Daily Dialectics
domain == https://typicallyoutliers.com
videos_url == https://typicallyoutliers.com/videos
canonical_url == None
remove_phrases == ['Video Converter', 'eeso', 'Auseesott', 'Aeseesott', 'esoft']
categories == {}
whisper_result == {'text': " The cosmos is also within us. We're made of star stuff. We are away and the cosmos to know itself.", 'segments': [{'id': 0, 'seek': 0, 'start': 0.0, 'end': 8.0, 'text': " The cosmos is also within us. We're made of star stuff. We are away and the cosmos to know itself.", 'tokens': [50364, 440, 41794, 307, 611, 1951, 505, 13, 492, 434, 1027, 295, 3543, 1507, 13, 492, 366, 1314, 293, 264, 41794, 281, 458, 2564, 13, 50764], 'temperature': 0.0, 'avg_logprob': -0.3739013671875, 'compression_ratio': 1.1529411764705881, 'no_speech_prob': 0.06230778247117996}], 'language': 'english'}
video_text == []
keywords == ['cosmos', 'star', 'stuff']
combined_keywords == ['cosmos', 'stuff', 'star']
keyword_density == {'cosmos': 10.0, 'stuff': 0.0, 'star': 5.0}
summary == None
info_dir == /var/www/typicallyoutliers/frontend/public/repository/text_dir/carl-sagan-the-sentence
full_text == None
info_data == None

2025-04-29 04:04:41,067 - INFO - summary == True
2025-04-29 04:04:41,074 - INFO - new_datas:
video_path == /home/computron/mnt/webserver/typicallyoutliers/frontend/public/repository/videos/Carl Sagan - THE sentence !.flv
video_id == carl-sagan-the-sentence
info_path == /var/www/typicallyoutliers/frontend/public/repository/text_dir/carl-sagan-the-sentence/info.json
filename == Carl Sagan - THE sentence !
ext == .flv
audio_path == /var/www/typicallyoutliers/frontend/public/repository/text_dir/carl-sagan-the-sentence/audio.wav
thumbnails_directory == /var/www/typicallyoutliers/frontend/public/repository/text_dir/carl-sagan-the-sentence/thumbnails
uploader == The Daily Dialectics
domain == https://typicallyoutliers.com
videos_url == https://typicallyoutliers.com/videos
canonical_url == None
remove_phrases == ['Video Converter', 'eeso', 'Auseesott', 'Aeseesott', 'esoft']
categories == {}
whisper_result == {'text': " The cosmos is also within us. We're made of star stuff. We are away and the cosmos to know itself.", 'segments': [{'id': 0, 'seek': 0, 'start': 0.0, 'end': 8.0, 'text': " The cosmos is also within us. We're made of star stuff. We are away and the cosmos to know itself.", 'tokens': [50364, 440, 41794, 307, 611, 1951, 505, 13, 492, 434, 1027, 295, 3543, 1507, 13, 492, 366, 1314, 293, 264, 41794, 281, 458, 2564, 13, 50764], 'temperature': 0.0, 'avg_logprob': -0.3739013671875, 'compression_ratio': 1.1529411764705881, 'no_speech_prob': 0.06230778247117996}], 'language': 'english'}
video_text == []
keywords == ['cosmos', 'star', 'stuff']
combined_keywords == ['cosmos', 'stuff', 'star']
keyword_density == {'cosmos': 10.0, 'stuff': 0.0, 'star': 5.0}
summary == None
info_dir == /var/www/typicallyoutliers/frontend/public/repository/text_dir/carl-sagan-the-sentence

2025-04-29 04:04:41,076 - INFO - new_datas:
video_path == /home/computron/mnt/webserver/typicallyoutliers/frontend/public/repository/videos/Carl Sagan - THE sentence !.flv
video_id == carl-sagan-the-sentence
info_path == /var/www/typicallyoutliers/frontend/public/repository/text_dir/carl-sagan-the-sentence/info.json
filename == Carl Sagan - THE sentence !
ext == .flv
audio_path == /var/www/typicallyoutliers/frontend/public/repository/text_dir/carl-sagan-the-sentence/audio.wav
thumbnails_directory == /var/www/typicallyoutliers/frontend/public/repository/text_dir/carl-sagan-the-sentence/thumbnails
uploader == The Daily Dialectics
domain == https://typicallyoutliers.com
videos_url == https://typicallyoutliers.com/videos
canonical_url == None
remove_phrases == ['Video Converter', 'eeso', 'Auseesott', 'Aeseesott', 'esoft']
categories == {}
whisper_result == {'text': " The cosmos is also within us. We're made of star stuff. We are away and the cosmos to know itself.", 'segments': [{'id': 0, 'seek': 0, 'start': 0.0, 'end': 8.0, 'text': " The cosmos is also within us. We're made of star stuff. We are away and the cosmos to know itself.", 'tokens': [50364, 440, 41794, 307, 611, 1951, 505, 13, 492, 434, 1027, 295, 3543, 1507, 13, 492, 366, 1314, 293, 264, 41794, 281, 458, 2564, 13, 50764], 'temperature': 0.0, 'avg_logprob': -0.3739013671875, 'compression_ratio': 1.1529411764705881, 'no_speech_prob': 0.06230778247117996}], 'language': 'english'}
video_text == []
keywords == ['cosmos', 'star', 'stuff']
combined_keywords == ['cosmos', 'stuff', 'star']
keyword_density == {'cosmos': 10.0, 'stuff': 0.0, 'star': 5.0}
summary == None
info_dir == /var/www/typicallyoutliers/frontend/public/repository/text_dir/carl-sagan-the-sentence
repository_dir == /var/www/typicallyoutliers/frontend/public/repository
directory_links == {'/var/www/typicallyoutliers/frontend/public/repository/text_dir': 'infos', '/var/www/typicallyoutliers/frontend/public/repository/videos': 'videos', '/var/www/typicallyoutliers/frontend/public/repository': 'repository', '/var/www/typicallyoutliers/frontend/public/imgs': 'imgs'}
videos_dir == /var/www/typicallyoutliers/frontend/public/repository/videos
infos_dir == /var/www/typicallyoutliers/frontend/public/imgs
base_url == https://typicallyoutliers.com
generator == <transformers.pipelines.text_generation.TextGenerationPipeline object at 0x7be910b458e0>
LEDTokenizer == <class 'transformers.models.led.tokenization_led.LEDTokenizer'>
LEDForConditionalGeneration == <class 'transformers.models.led.modeling_led.LEDForConditionalGeneration'>
info_data == None

2025-04-29 04:04:41,077 - INFO - seo_description == True
2025-04-29 04:04:41,078 - INFO - export_srt_whisper: /var/www/typicallyoutliers/frontend/public/repository/text_dir/carl-sagan-the-sentence/captions.srt
2025-04-29 04:05:57,319 - INFO - new_datas:
video_path == /home/computron/mnt/webserver/typicallyoutliers/frontend/public/repository/videos/Carl Sagan - THE sentence !.flv
video_id == carl-sagan-the-sentence
info_dir == /var/www/typicallyoutliers/frontend/public/repository/text_dir/carl-sagan-the-sentence
info_path == /var/www/typicallyoutliers/frontend/public/repository/text_dir/carl-sagan-the-sentence/info.json
basename == Carl Sagan - THE sentence !.flv
filename == Carl Sagan - THE sentence !
ext == .flv
title == Carl Sagan - THE sentence !
parent_directory == /var/www/typicallyoutliers/frontend/public/repository/text_dir
audio_path == /var/www/typicallyoutliers/frontend/public/repository/text_dir/carl-sagan-the-sentence/audio.wav
thumbnails_directory == /var/www/typicallyoutliers/frontend/public/repository/text_dir/carl-sagan-the-sentence/thumbnails
uploader == The Daily Dialectics
domain == https://typicallyoutliers.com
videos_url == https://typicallyoutliers.com/videos
canonical_url == None
remove_phrases == ['Video Converter', 'eeso', 'Auseesott', 'Aeseesott', 'esoft']
categories == {}
repository_dir == /var/www/typicallyoutliers/frontend/public/repository
directory_links == {'/var/www/typicallyoutliers/frontend/public/repository/text_dir': 'infos', '/var/www/typicallyoutliers/frontend/public/repository/videos': 'videos', '/var/www/typicallyoutliers/frontend/public/repository': 'repository', '/var/www/typicallyoutliers/frontend/public/imgs': 'imgs'}
videos_dir == /var/www/typicallyoutliers/frontend/public/repository/videos
infos_dir == /var/www/typicallyoutliers/frontend/public/imgs
base_url == https://typicallyoutliers.com
model_size == tiny
language == english

2025-04-29 04:05:57,320 - INFO - new_datas:
video_path == /home/computron/mnt/webserver/typicallyoutliers/frontend/public/repository/videos/Carl Sagan - THE sentence !.flv
video_id == carl-sagan-the-sentence
info_path == /var/www/typicallyoutliers/frontend/public/repository/text_dir/carl-sagan-the-sentence/info.json
filename == Carl Sagan - THE sentence !
ext == .flv
audio_path == /var/www/typicallyoutliers/frontend/public/repository/text_dir/carl-sagan-the-sentence/audio.wav
thumbnails_directory == /var/www/typicallyoutliers/frontend/public/repository/text_dir/carl-sagan-the-sentence/thumbnails
uploader == The Daily Dialectics
domain == https://typicallyoutliers.com
videos_url == https://typicallyoutliers.com/videos
canonical_url == None
remove_phrases == ['Video Converter', 'eeso', 'Auseesott', 'Aeseesott', 'esoft']
categories == {}
whisper_result == {'text': " The cosmos is also within us. We're made of star stuff. We are away and the cosmos to know itself.", 'segments': [{'id': 0, 'seek': 0, 'start': 0.0, 'end': 8.0, 'text': " The cosmos is also within us. We're made of star stuff. We are away and the cosmos to know itself.", 'tokens': [50364, 440, 41794, 307, 611, 1951, 505, 13, 492, 434, 1027, 295, 3543, 1507, 13, 492, 366, 1314, 293, 264, 41794, 281, 458, 2564, 13, 50764], 'temperature': 0.0, 'avg_logprob': -0.3739013671875, 'compression_ratio': 1.1529411764705881, 'no_speech_prob': 0.06230778247117996}], 'language': 'english'}
video_text == []
keywords == ['cosmos', 'star', 'stuff']
combined_keywords == ['cosmos', 'stuff', 'star']
keyword_density == {'cosmos': 10.0, 'stuff': 0.0, 'star': 5.0}
summary == None
info_dir == /var/www/typicallyoutliers/frontend/public/repository/text_dir/carl-sagan-the-sentence

2025-04-29 04:05:57,322 - INFO - new_datas:
video_path == /home/computron/mnt/webserver/typicallyoutliers/frontend/public/repository/videos/Carl Sagan - THE sentence !.flv
video_id == carl-sagan-the-sentence
info_path == /var/www/typicallyoutliers/frontend/public/repository/text_dir/carl-sagan-the-sentence/info.json
filename == Carl Sagan - THE sentence !
ext == .flv
audio_path == /var/www/typicallyoutliers/frontend/public/repository/text_dir/carl-sagan-the-sentence/audio.wav
thumbnails_directory == /var/www/typicallyoutliers/frontend/public/repository/text_dir/carl-sagan-the-sentence/thumbnails
uploader == The Daily Dialectics
domain == https://typicallyoutliers.com
videos_url == https://typicallyoutliers.com/videos
canonical_url == None
remove_phrases == ['Video Converter', 'eeso', 'Auseesott', 'Aeseesott', 'esoft']
categories == {}
whisper_result == {'text': " The cosmos is also within us. We're made of star stuff. We are away and the cosmos to know itself.", 'segments': [{'id': 0, 'seek': 0, 'start': 0.0, 'end': 8.0, 'text': " The cosmos is also within us. We're made of star stuff. We are away and the cosmos to know itself.", 'tokens': [50364, 440, 41794, 307, 611, 1951, 505, 13, 492, 434, 1027, 295, 3543, 1507, 13, 492, 366, 1314, 293, 264, 41794, 281, 458, 2564, 13, 50764], 'temperature': 0.0, 'avg_logprob': -0.3739013671875, 'compression_ratio': 1.1529411764705881, 'no_speech_prob': 0.06230778247117996}], 'language': 'english'}
video_text == []
keywords == ['cosmos', 'star', 'stuff']
combined_keywords == ['cosmos', 'stuff', 'star']
keyword_density == {'cosmos': 10.0, 'stuff': 0.0, 'star': 5.0}
summary == None
info_dir == /var/www/typicallyoutliers/frontend/public/repository/text_dir/carl-sagan-the-sentence

2025-04-29 04:05:57,323 - INFO - False == False
2025-04-29 04:05:57,325 - INFO - new_datas:
video_path == /home/computron/mnt/webserver/typicallyoutliers/frontend/public/repository/videos/Carl Sagan - THE sentence !.flv
video_id == carl-sagan-the-sentence
info_path == /var/www/typicallyoutliers/frontend/public/repository/text_dir/carl-sagan-the-sentence/info.json
filename == Carl Sagan - THE sentence !
ext == .flv
audio_path == /var/www/typicallyoutliers/frontend/public/repository/text_dir/carl-sagan-the-sentence/audio.wav
thumbnails_directory == /var/www/typicallyoutliers/frontend/public/repository/text_dir/carl-sagan-the-sentence/thumbnails
uploader == The Daily Dialectics
domain == https://typicallyoutliers.com
videos_url == https://typicallyoutliers.com/videos
canonical_url == None
remove_phrases == ['Video Converter', 'eeso', 'Auseesott', 'Aeseesott', 'esoft']
categories == {}
whisper_result == {'text': " The cosmos is also within us. We're made of star stuff. We are away and the cosmos to know itself.", 'segments': [{'id': 0, 'seek': 0, 'start': 0.0, 'end': 8.0, 'text': " The cosmos is also within us. We're made of star stuff. We are away and the cosmos to know itself.", 'tokens': [50364, 440, 41794, 307, 611, 1951, 505, 13, 492, 434, 1027, 295, 3543, 1507, 13, 492, 366, 1314, 293, 264, 41794, 281, 458, 2564, 13, 50764], 'temperature': 0.0, 'avg_logprob': -0.3739013671875, 'compression_ratio': 1.1529411764705881, 'no_speech_prob': 0.06230778247117996}], 'language': 'english'}
video_text == []
keywords == ['cosmos', 'star', 'stuff']
combined_keywords == ['cosmos', 'stuff', 'star']
keyword_density == {'cosmos': 10.0, 'stuff': 0.0, 'star': 5.0}
summary == None
info_dir == /var/www/typicallyoutliers/frontend/public/repository/text_dir/carl-sagan-the-sentence
model_size == tiny
language == english
use_silence == True
info_data == None

2025-04-29 04:05:57,326 - INFO - whisper_result == False
2025-04-29 04:05:57,718 - INFO - new_datas:
video_path == /home/computron/mnt/webserver/typicallyoutliers/frontend/public/repository/videos/Carl Sagan - THE sentence !.flv
video_id == carl-sagan-the-sentence
info_path == /var/www/typicallyoutliers/frontend/public/repository/text_dir/carl-sagan-the-sentence/info.json
filename == Carl Sagan - THE sentence !
ext == .flv
audio_path == /var/www/typicallyoutliers/frontend/public/repository/text_dir/carl-sagan-the-sentence/audio.wav
thumbnails_directory == /var/www/typicallyoutliers/frontend/public/repository/text_dir/carl-sagan-the-sentence/thumbnails
uploader == The Daily Dialectics
domain == https://typicallyoutliers.com
videos_url == https://typicallyoutliers.com/videos
canonical_url == None
remove_phrases == ['Video Converter', 'eeso', 'Auseesott', 'Aeseesott', 'esoft']
categories == {}
whisper_result == {'text': " The cosmos is also within us. We're made of star stuff. We are away and the cosmos to know itself.", 'segments': [{'id': 0, 'seek': 0, 'start': 0.0, 'end': 8.0, 'text': " The cosmos is also within us. We're made of star stuff. We are away and the cosmos to know itself.", 'tokens': [50364, 440, 41794, 307, 611, 1951, 505, 13, 492, 434, 1027, 295, 3543, 1507, 13, 492, 366, 1314, 293, 264, 41794, 281, 458, 2564, 13, 50764], 'temperature': 0.0, 'avg_logprob': -0.3739013671875, 'compression_ratio': 1.1529411764705881, 'no_speech_prob': 0.06230778247117996}], 'language': 'english'}
video_text == []
keywords == ['cosmos', 'star', 'stuff']
combined_keywords == ['cosmos', 'stuff', 'star']
keyword_density == {'cosmos': 10.0, 'stuff': 0.0, 'star': 5.0}
summary == None
info_dir == /var/www/typicallyoutliers/frontend/public/repository/text_dir/carl-sagan-the-sentence
info_data == None

2025-04-29 04:05:57,720 - INFO - video_text == False
2025-04-29 04:05:57,721 - INFO - new_datas:
video_path == /home/computron/mnt/webserver/typicallyoutliers/frontend/public/repository/videos/Carl Sagan - THE sentence !.flv
video_id == carl-sagan-the-sentence
info_path == /var/www/typicallyoutliers/frontend/public/repository/text_dir/carl-sagan-the-sentence/info.json
filename == Carl Sagan - THE sentence !
ext == .flv
audio_path == /var/www/typicallyoutliers/frontend/public/repository/text_dir/carl-sagan-the-sentence/audio.wav
thumbnails_directory == /var/www/typicallyoutliers/frontend/public/repository/text_dir/carl-sagan-the-sentence/thumbnails
uploader == The Daily Dialectics
domain == https://typicallyoutliers.com
videos_url == https://typicallyoutliers.com/videos
canonical_url == None
remove_phrases == ['Video Converter', 'eeso', 'Auseesott', 'Aeseesott', 'esoft']
categories == {}
whisper_result == {'text': " The cosmos is also within us. We're made of star stuff. We are away and the cosmos to know itself.", 'segments': [{'id': 0, 'seek': 0, 'start': 0.0, 'end': 8.0, 'text': " The cosmos is also within us. We're made of star stuff. We are away and the cosmos to know itself.", 'tokens': [50364, 440, 41794, 307, 611, 1951, 505, 13, 492, 434, 1027, 295, 3543, 1507, 13, 492, 366, 1314, 293, 264, 41794, 281, 458, 2564, 13, 50764], 'temperature': 0.0, 'avg_logprob': -0.3739013671875, 'compression_ratio': 1.1529411764705881, 'no_speech_prob': 0.06230778247117996}], 'language': 'english'}
video_text == []
keywords == ['cosmos', 'star', 'stuff']
combined_keywords == ['cosmos', 'stuff', 'star']
keyword_density == {'cosmos': 10.0, 'stuff': 0.0, 'star': 5.0}
summary == None
info_dir == /var/www/typicallyoutliers/frontend/public/repository/text_dir/carl-sagan-the-sentence
full_text ==  The cosmos is also within us. We're made of star stuff. We are away and the cosmos to know itself.
info_data == None

2025-04-29 04:05:57,723 - INFO - combined_keywords == False
2025-04-29 04:05:57,730 - INFO - new_datas:
video_path == /home/computron/mnt/webserver/typicallyoutliers/frontend/public/repository/videos/Carl Sagan - THE sentence !.flv
video_id == carl-sagan-the-sentence
info_path == /var/www/typicallyoutliers/frontend/public/repository/text_dir/carl-sagan-the-sentence/info.json
filename == Carl Sagan - THE sentence !
ext == .flv
audio_path == /var/www/typicallyoutliers/frontend/public/repository/text_dir/carl-sagan-the-sentence/audio.wav
thumbnails_directory == /var/www/typicallyoutliers/frontend/public/repository/text_dir/carl-sagan-the-sentence/thumbnails
uploader == The Daily Dialectics
domain == https://typicallyoutliers.com
videos_url == https://typicallyoutliers.com/videos
canonical_url == None
remove_phrases == ['Video Converter', 'eeso', 'Auseesott', 'Aeseesott', 'esoft']
categories == {}
whisper_result == {'text': " The cosmos is also within us. We're made of star stuff. We are away and the cosmos to know itself.", 'segments': [{'id': 0, 'seek': 0, 'start': 0.0, 'end': 8.0, 'text': " The cosmos is also within us. We're made of star stuff. We are away and the cosmos to know itself.", 'tokens': [50364, 440, 41794, 307, 611, 1951, 505, 13, 492, 434, 1027, 295, 3543, 1507, 13, 492, 366, 1314, 293, 264, 41794, 281, 458, 2564, 13, 50764], 'temperature': 0.0, 'avg_logprob': -0.3739013671875, 'compression_ratio': 1.1529411764705881, 'no_speech_prob': 0.06230778247117996}], 'language': 'english'}
video_text == []
keywords == ['cosmos', 'star', 'stuff']
combined_keywords == ['cosmos', 'stuff', 'star']
keyword_density == {'cosmos': 10.0, 'stuff': 0.0, 'star': 5.0}
summary == None
info_dir == /var/www/typicallyoutliers/frontend/public/repository/text_dir/carl-sagan-the-sentence
full_text == None
info_data == None

2025-04-29 04:05:57,731 - INFO - summary == True
2025-04-29 04:05:57,738 - INFO - new_datas:
video_path == /home/computron/mnt/webserver/typicallyoutliers/frontend/public/repository/videos/Carl Sagan - THE sentence !.flv
video_id == carl-sagan-the-sentence
info_path == /var/www/typicallyoutliers/frontend/public/repository/text_dir/carl-sagan-the-sentence/info.json
filename == Carl Sagan - THE sentence !
ext == .flv
audio_path == /var/www/typicallyoutliers/frontend/public/repository/text_dir/carl-sagan-the-sentence/audio.wav
thumbnails_directory == /var/www/typicallyoutliers/frontend/public/repository/text_dir/carl-sagan-the-sentence/thumbnails
uploader == The Daily Dialectics
domain == https://typicallyoutliers.com
videos_url == https://typicallyoutliers.com/videos
canonical_url == None
remove_phrases == ['Video Converter', 'eeso', 'Auseesott', 'Aeseesott', 'esoft']
categories == {}
whisper_result == {'text': " The cosmos is also within us. We're made of star stuff. We are away and the cosmos to know itself.", 'segments': [{'id': 0, 'seek': 0, 'start': 0.0, 'end': 8.0, 'text': " The cosmos is also within us. We're made of star stuff. We are away and the cosmos to know itself.", 'tokens': [50364, 440, 41794, 307, 611, 1951, 505, 13, 492, 434, 1027, 295, 3543, 1507, 13, 492, 366, 1314, 293, 264, 41794, 281, 458, 2564, 13, 50764], 'temperature': 0.0, 'avg_logprob': -0.3739013671875, 'compression_ratio': 1.1529411764705881, 'no_speech_prob': 0.06230778247117996}], 'language': 'english'}
video_text == []
keywords == ['cosmos', 'star', 'stuff']
combined_keywords == ['cosmos', 'stuff', 'star']
keyword_density == {'cosmos': 10.0, 'stuff': 0.0, 'star': 5.0}
summary == None
info_dir == /var/www/typicallyoutliers/frontend/public/repository/text_dir/carl-sagan-the-sentence

2025-04-29 04:05:57,740 - INFO - new_datas:
video_path == /home/computron/mnt/webserver/typicallyoutliers/frontend/public/repository/videos/Carl Sagan - THE sentence !.flv
video_id == carl-sagan-the-sentence
info_path == /var/www/typicallyoutliers/frontend/public/repository/text_dir/carl-sagan-the-sentence/info.json
filename == Carl Sagan - THE sentence !
ext == .flv
audio_path == /var/www/typicallyoutliers/frontend/public/repository/text_dir/carl-sagan-the-sentence/audio.wav
thumbnails_directory == /var/www/typicallyoutliers/frontend/public/repository/text_dir/carl-sagan-the-sentence/thumbnails
uploader == The Daily Dialectics
domain == https://typicallyoutliers.com
videos_url == https://typicallyoutliers.com/videos
canonical_url == None
remove_phrases == ['Video Converter', 'eeso', 'Auseesott', 'Aeseesott', 'esoft']
categories == {}
whisper_result == {'text': " The cosmos is also within us. We're made of star stuff. We are away and the cosmos to know itself.", 'segments': [{'id': 0, 'seek': 0, 'start': 0.0, 'end': 8.0, 'text': " The cosmos is also within us. We're made of star stuff. We are away and the cosmos to know itself.", 'tokens': [50364, 440, 41794, 307, 611, 1951, 505, 13, 492, 434, 1027, 295, 3543, 1507, 13, 492, 366, 1314, 293, 264, 41794, 281, 458, 2564, 13, 50764], 'temperature': 0.0, 'avg_logprob': -0.3739013671875, 'compression_ratio': 1.1529411764705881, 'no_speech_prob': 0.06230778247117996}], 'language': 'english'}
video_text == []
keywords == ['cosmos', 'star', 'stuff']
combined_keywords == ['cosmos', 'stuff', 'star']
keyword_density == {'cosmos': 10.0, 'stuff': 0.0, 'star': 5.0}
summary == None
info_dir == /var/www/typicallyoutliers/frontend/public/repository/text_dir/carl-sagan-the-sentence
repository_dir == /var/www/typicallyoutliers/frontend/public/repository
directory_links == {'/var/www/typicallyoutliers/frontend/public/repository/text_dir': 'infos', '/var/www/typicallyoutliers/frontend/public/repository/videos': 'videos', '/var/www/typicallyoutliers/frontend/public/repository': 'repository', '/var/www/typicallyoutliers/frontend/public/imgs': 'imgs'}
videos_dir == /var/www/typicallyoutliers/frontend/public/repository/videos
infos_dir == /var/www/typicallyoutliers/frontend/public/imgs
base_url == https://typicallyoutliers.com
generator == <transformers.pipelines.text_generation.TextGenerationPipeline object at 0x7879c852aff0>
LEDTokenizer == <class 'transformers.models.led.tokenization_led.LEDTokenizer'>
LEDForConditionalGeneration == <class 'transformers.models.led.modeling_led.LEDForConditionalGeneration'>
info_data == None

2025-04-29 04:05:57,741 - INFO - seo_description == True
2025-04-29 04:05:57,742 - INFO - export_srt_whisper: /var/www/typicallyoutliers/frontend/public/repository/text_dir/carl-sagan-the-sentence/captions.srt
2025-04-29 04:05:57,854 - INFO - new_datas:
video_path == /home/computron/mnt/webserver/typicallyoutliers/frontend/public/repository/videos/Carl Sagan - THE sentence !.flv
video_id == carl-sagan-the-sentence
info_path == /var/www/typicallyoutliers/frontend/public/repository/text_dir/carl-sagan-the-sentence/info.json
filename == Carl Sagan - THE sentence !
ext == .flv
audio_path == /var/www/typicallyoutliers/frontend/public/repository/text_dir/carl-sagan-the-sentence/audio.wav
thumbnails_directory == /var/www/typicallyoutliers/frontend/public/repository/text_dir/carl-sagan-the-sentence/thumbnails
uploader == {'name': 'The Daily Dialectics', 'url': 'https://typicallyoutliers.com'}
domain == https://typicallyoutliers.com
videos_url == https://typicallyoutliers.com/videos
canonical_url == None
remove_phrases == ['Video Converter', 'eeso', 'Auseesott', 'Aeseesott', 'esoft']
categories == {'ai': 'Technology', 'cannabis': 'Health', 'elon musk': 'Business'}
whisper_result == {'text': " The cosmos is also within us. We're made of star stuff. We are away and the cosmos to know itself.", 'segments': [{'id': 0, 'seek': 0, 'start': 0.0, 'end': 8.0, 'text': " The cosmos is also within us. We're made of star stuff. We are away and the cosmos to know itself.", 'tokens': [50364, 440, 41794, 307, 611, 1951, 505, 13, 492, 434, 1027, 295, 3543, 1507, 13, 492, 366, 1314, 293, 264, 41794, 281, 458, 2564, 13, 50764], 'temperature': 0.0, 'avg_logprob': -0.3739013671875, 'compression_ratio': 1.1529411764705881, 'no_speech_prob': 0.06230778247117996}], 'language': 'english'}
video_text == []
keywords == ['cosmos', 'star', 'stuff']
combined_keywords == ['cosmos', 'stuff', 'star']
keyword_density == {'cosmos': 10.0, 'stuff': 0.0, 'star': 5.0}
summary == None
info_dir == /var/www/typicallyoutliers/frontend/public/repository/text_dir/carl-sagan-the-sentence
title == Carl Sagan - THE sentence !
seo_title == cosmos - Carl Sagan - THE sentence !
seo_description == [] Explore cosmos, stuff, star
seo_tags == ['cosmos', 'stuff', 'star']
thumbnail == {'file_path': '/var/www/typicallyoutliers/frontend/public/repository/text_dir/carl-sagan-the-sentence/thumbnails/carl-sagan-the-sentence_frame_3.jpg', 'alt_text': 'carl-sagan-the-sentence_frame_3'}
duration_seconds == 8.84
duration_formatted == 00:00:08.840
captions_path == /var/www/typicallyoutliers/frontend/public/repository/text_dir/carl-sagan-the-sentence/captions.srt
schema_markup == {'@context': 'https://schema.org', '@type': 'VideoObject', 'name': 'cosmos - Carl Sagan - THE sentence !', 'description': '[] Explore cosmos, stuff, star', 'thumbnailUrl': '/var/www/typicallyoutliers/frontend/public/repository/text_dir/carl-sagan-the-sentence/thumbnails/carl-sagan-the-sentence_frame_3.jpg', 'duration': 'PT0M8S', 'uploadDate': '2025-04-29T04:05:57.743918', 'contentUrl': '/home/computron/mnt/webserver/typicallyoutliers/frontend/public/repository/videos/Carl Sagan - THE sentence !.flv', 'keywords': ['cosmos', 'stuff', 'star']}
social_metadata == {'og:title': 'cosmos - Carl Sagan - THE sentence !', 'og:description': '[] Explore cosmos, stuff, star', 'og:image': '/var/www/typicallyoutliers/frontend/public/repository/text_dir/carl-sagan-the-sentence/thumbnails/carl-sagan-the-sentence_frame_3.jpg', 'og:video': '/home/computron/mnt/webserver/typicallyoutliers/frontend/public/repository/videos/Carl Sagan - THE sentence !.flv', 'twitter:card': 'player', 'twitter:title': 'cosmos - Carl Sagan - THE sentence !', 'twitter:description': '[] Explore cosmos, stuff, star', 'twitter:image': '/var/www/typicallyoutliers/frontend/public/repository/text_dir/carl-sagan-the-sentence/thumbnails/carl-sagan-the-sentence_frame_3.jpg'}
category == General
publication_date == 2025-04-29T04:05:57.743952
video_metadata == {'resolution': '640x480', 'format': 'MP4', 'file_size_mb': 0.5809965133666992}

2025-04-29 04:19:20,242 - INFO - Extracting audio from /home/computron/mnt/webserver/typicallyoutliers/frontend/public/repository/videos/Carl Sagan - THE sentence !.flv to /home/computron/Documents/pythonTools/modules/abstract_ocr/test_dir/audio.wav
2025-04-29 04:19:20,401 - INFO - Audio extracted successfully: /home/computron/Documents/pythonTools/modules/abstract_ocr/test_dir/audio.wav
2025-04-29 04:19:21,351 - INFO - export_srt_whisper: /home/computron/Documents/pythonTools/modules/abstract_ocr/test_dir
2025-05-02 13:20:47,978 - INFO - Extracting audio from /home/computron/mnt/webserver/typicallyoutliers/frontend/public/repository/videos/Carl Sagan - THE sentence !.flv to /home/computron/Documents/pythonTools/modules/abstract_ocr/test_dir/audio.wav
2025-05-02 13:20:48,176 - INFO - Audio extracted successfully: /home/computron/Documents/pythonTools/modules/abstract_ocr/test_dir/audio.wav
2025-05-02 13:20:49,193 - INFO - export_srt_whisper: /home/computron/Documents/pythonTools/modules/abstract_ocr/test_dir
2025-06-03 07:09:12,979 - INFO - /home/computron/Documents/pythonTools/modules/abstract_ocr/src/abstract_ocr/pdf_utils.py - Processing Trust Accounting - JDJ IV Management Trust with 8 pages
2025-06-03 07:10:01,854 - INFO - /home/computron/Documents/pythonTools/modules/abstract_ocr/src/abstract_ocr/pdf_utils.py - Processing Trust Accounting - JDJ IV Management Trust with 8 pages
2025-06-03 07:12:03,951 - INFO - /home/computron/Documents/pythonTools/modules/abstract_ocr/src/abstract_ocr/pdf_utils.py - Processing Trust Accounting - JDJ IV Management Trust with 8 pages
2025-06-03 07:12:30,349 - INFO - /home/computron/Documents/pythonTools/modules/abstract_ocr/src/abstract_ocr/pdf_utils.py - Processing Trust Accounting - JDJ IV Management Trust with 8 pages
2025-06-03 07:13:15,116 - INFO - /home/computron/Documents/pythonTools/modules/abstract_ocr/src/abstract_ocr/pdf_utils.py - Processing Trust Accounting - JDJ IV Management Trust with 8 pages
2025-06-03 07:13:15,990 - INFO - /home/computron/Documents/pythonTools/modules/abstract_ocr/src/abstract_ocr/pdf_utils.py - Processed page 1 of Trust Accounting - JDJ IV Management Trust
2025-06-03 07:13:17,187 - INFO - /home/computron/Documents/pythonTools/modules/abstract_ocr/src/abstract_ocr/pdf_utils.py - Processed page 2 of Trust Accounting - JDJ IV Management Trust
2025-06-03 07:13:18,070 - INFO - /home/computron/Documents/pythonTools/modules/abstract_ocr/src/abstract_ocr/pdf_utils.py - Processed page 3 of Trust Accounting - JDJ IV Management Trust
2025-06-03 07:13:23,061 - INFO - /home/computron/Documents/pythonTools/modules/abstract_ocr/src/abstract_ocr/pdf_utils.py - Processed page 4 of Trust Accounting - JDJ IV Management Trust
2025-06-03 07:13:51,056 - INFO - /home/computron/Documents/pythonTools/modules/abstract_ocr/src/abstract_ocr/pdf_utils.py - Processed page 5 of Trust Accounting - JDJ IV Management Trust
2025-06-03 07:13:56,033 - INFO - /home/computron/Documents/pythonTools/modules/abstract_ocr/src/abstract_ocr/pdf_utils.py - Processed page 6 of Trust Accounting - JDJ IV Management Trust
2025-06-03 07:14:14,754 - INFO - /home/computron/Documents/pythonTools/modules/abstract_ocr/src/abstract_ocr/pdf_utils.py - Processed page 7 of Trust Accounting - JDJ IV Management Trust
2025-06-03 07:14:33,983 - INFO - /home/computron/Documents/pythonTools/modules/abstract_ocr/src/abstract_ocr/pdf_utils.py - Processed page 8 of Trust Accounting - JDJ IV Management Trust
2025-10-18 11:26:54,257 - INFO - /home/computron/Documents/pythonTools/modules/src/modules/abstract_ocr/testitout/video_utils.py - Extracting audio from /home/computron/Videos/Screen_Recording_20210403-075423_Gallery_1.mov to /home/computron/Documents/pythonTools/modules/abstract_ocr/test_dir/audio.wav
2025-10-18 11:26:54,540 - INFO - /home/computron/Documents/pythonTools/modules/src/modules/abstract_ocr/testitout/video_utils.py - Audio extracted successfully: /home/computron/Documents/pythonTools/modules/abstract_ocr/test_dir/audio.wav
